
  .   ____          _            __ _ _
 /\\ / ___'_ __ _ _(_)_ __  __ _ \ \ \ \
( ( )\___ | '_ | '_| | '_ \/ _` | \ \ \ \
 \\/  ___)| |_)| | | | | || (_| |  ) ) ) )
  '  |____| .__|_| |_|_| |_\__, | / / / /
 =========|_|==============|___/=/_/_/_/

 :: Spring Boot ::                (v3.5.5)

2025-09-02T23:35:57.122-03:00  INFO 48228 --- [           main] me.dio.spring_railway.Application        : Starting Application v0.0.1-SNAPSHOT using Java 17.0.14 with PID 48228 (/Users/jamesldr/DEV/dio/Curso Springboot/spring-railway/build/libs/spring-railway-0.0.1-SNAPSHOT.jar started by jamesldr in /Users/jamesldr/DEV/dio/Curso Springboot/spring-railway)
2025-09-02T23:35:57.123-03:00  INFO 48228 --- [           main] me.dio.spring_railway.Application        : The following 1 profile is active: "dev"
2025-09-02T23:35:57.534-03:00  INFO 48228 --- [           main] .s.d.r.c.RepositoryConfigurationDelegate : Bootstrapping Spring Data JPA repositories in DEFAULT mode.
2025-09-02T23:35:57.560-03:00  INFO 48228 --- [           main] .s.d.r.c.RepositoryConfigurationDelegate : Finished Spring Data repository scanning in 23 ms. Found 1 JPA repository interface.
2025-09-02T23:35:57.786-03:00  INFO 48228 --- [           main] o.s.b.w.embedded.tomcat.TomcatWebServer  : Tomcat initialized with port 8080 (http)
2025-09-02T23:35:57.797-03:00  INFO 48228 --- [           main] o.apache.catalina.core.StandardService   : Starting service [Tomcat]
2025-09-02T23:35:57.797-03:00  INFO 48228 --- [           main] o.apache.catalina.core.StandardEngine    : Starting Servlet engine: [Apache Tomcat/10.1.44]
2025-09-02T23:35:57.832-03:00  INFO 48228 --- [           main] o.a.c.c.C.[Tomcat].[localhost].[/]       : Initializing Spring embedded WebApplicationContext
2025-09-02T23:35:57.833-03:00  INFO 48228 --- [           main] w.s.c.ServletWebServerApplicationContext : Root WebApplicationContext: initialization completed in 691 ms
2025-09-02T23:35:57.913-03:00  INFO 48228 --- [           main] o.hibernate.jpa.internal.util.LogHelper  : HHH000204: Processing PersistenceUnitInfo [name: default]
2025-09-02T23:35:57.936-03:00  INFO 48228 --- [           main] org.hibernate.Version                    : HHH000412: Hibernate ORM core version 6.6.26.Final
2025-09-02T23:35:57.958-03:00  INFO 48228 --- [           main] o.h.c.internal.RegionFactoryInitiator    : HHH000026: Second-level cache disabled
2025-09-02T23:35:58.090-03:00  INFO 48228 --- [           main] o.s.o.j.p.SpringPersistenceUnitInfo      : No LoadTimeWeaver setup: ignoring JPA class transformer
2025-09-02T23:35:58.102-03:00  INFO 48228 --- [           main] com.zaxxer.hikari.HikariDataSource       : HikariPool-1 - Starting...
2025-09-02T23:35:58.179-03:00  INFO 48228 --- [           main] com.zaxxer.hikari.pool.HikariPool        : HikariPool-1 - Added connection conn0: url=jdbc:h2:mem:sdw2023 user=SDW2023
2025-09-02T23:35:58.180-03:00  INFO 48228 --- [           main] com.zaxxer.hikari.HikariDataSource       : HikariPool-1 - Start completed.
2025-09-02T23:35:58.203-03:00  INFO 48228 --- [           main] org.hibernate.orm.connections.pooling    : HHH10001005: Database info:
	Database JDBC URL [Connecting through datasource 'HikariDataSource (HikariPool-1)']
	Database driver: undefined/unknown
	Database version: 2.3.232
	Autocommit mode: undefined/unknown
	Isolation level: undefined/unknown
	Minimum pool size: undefined/unknown
	Maximum pool size: undefined/unknown
2025-09-02T23:35:58.550-03:00  INFO 48228 --- [           main] o.h.e.t.j.p.i.JtaPlatformInitiator       : HHH000489: No JTA platform available (set 'hibernate.transaction.jta.platform' to enable JTA platform integration)
Hibernate: drop table if exists tb_account cascade 
Hibernate: drop table if exists tb_card cascade 
Hibernate: drop table if exists tb_feature cascade 
Hibernate: drop table if exists tb_news cascade 
Hibernate: drop table if exists tb_user cascade 
Hibernate: drop table if exists tb_user_features cascade 
Hibernate: drop table if exists tb_user_news cascade 
Hibernate: create table tb_account (available_limit numeric(2,13), balance numeric(2,13), id bigint generated by default as identity, agency varchar(255), number varchar(255) unique, primary key (id))
Hibernate: create table tb_card (available_limit numeric(2,13), id bigint generated by default as identity, number varchar(255) unique, primary key (id))
Hibernate: create table tb_feature (id bigint generated by default as identity, description varchar(255), icon varchar(255), primary key (id))
Hibernate: create table tb_news (id bigint generated by default as identity, description varchar(255), icon varchar(255), primary key (id))
Hibernate: create table tb_user (account_id bigint unique, card_id bigint unique, id bigint generated by default as identity, name varchar(255), primary key (id))
Hibernate: create table tb_user_features (features_id bigint not null unique, tb_user_id bigint not null)
Hibernate: create table tb_user_news (news_id bigint not null unique, tb_user_id bigint not null)
Hibernate: alter table if exists tb_user add constraint FKnflkc1qteu324uj0s1lsutf9v foreign key (account_id) references tb_account
Hibernate: alter table if exists tb_user add constraint FK25c0798kw3obdy5ang8bwhlts foreign key (card_id) references tb_card
Hibernate: alter table if exists tb_user_features add constraint FK8kpv58ldscqxgujfur060r1fv foreign key (features_id) references tb_feature
Hibernate: alter table if exists tb_user_features add constraint FK6nc49qfqjivcn58odkr6f2cth foreign key (tb_user_id) references tb_user
Hibernate: alter table if exists tb_user_news add constraint FKgcv9qa50fhx9yredwgims5r24 foreign key (news_id) references tb_news
Hibernate: alter table if exists tb_user_news add constraint FKa9s87sc7hq9oh1vgg87o6xl2l foreign key (tb_user_id) references tb_user
2025-09-02T23:35:58.577-03:00  INFO 48228 --- [           main] j.LocalContainerEntityManagerFactoryBean : Initialized JPA EntityManagerFactory for persistence unit 'default'
2025-09-02T23:35:58.904-03:00  INFO 48228 --- [           main] o.s.b.a.h2.H2ConsoleAutoConfiguration    : H2 console available at '/h2-console'. Database available at 'jdbc:h2:mem:sdw2023'
2025-09-02T23:35:58.945-03:00  INFO 48228 --- [           main] o.s.b.w.embedded.tomcat.TomcatWebServer  : Tomcat started on port 8080 (http) with context path '/'
2025-09-02T23:35:58.956-03:00  INFO 48228 --- [           main] me.dio.spring_railway.Application        : Started Application in 2.078 seconds (process running for 2.32)
2025-09-02T23:36:01.694-03:00  INFO 48228 --- [nio-8080-exec-1] o.a.c.c.C.[Tomcat].[localhost].[/]       : Initializing Spring DispatcherServlet 'dispatcherServlet'
2025-09-02T23:36:01.694-03:00  INFO 48228 --- [nio-8080-exec-1] o.s.web.servlet.DispatcherServlet        : Initializing Servlet 'dispatcherServlet'
2025-09-02T23:36:01.695-03:00  INFO 48228 --- [nio-8080-exec-1] o.s.web.servlet.DispatcherServlet        : Completed initialization in 1 ms
2025-09-02T23:36:01.852-03:00  INFO 48228 --- [nio-8080-exec-1] o.springdoc.api.AbstractOpenApiResource  : Init duration for springdoc-openapi is: 133 ms
